2025-10-11 09:19:56,007 [INFO] ================================================================================
2025-10-11 09:19:56,007 [INFO] 🚀 CAPTCHA-SOLVING STRATEGY TEST
2025-10-11 09:19:56,007 [INFO] ================================================================================
2025-10-11 09:19:56,007 [INFO] Target Pages: 10
2025-10-11 09:19:56,007 [INFO] Proxy Strategy: First page only
2025-10-11 09:19:56,007 [INFO] ================================================================================
2025-10-11 09:19:56,007 [WARNING] No proxy pool file found
2025-10-11 09:19:56,007 [ERROR] No proxies available!
2025-10-11 09:19:56,007 [INFO] 
================================================================================
2025-10-11 09:19:56,007 [INFO] 📊 FINAL RESULTS
2025-10-11 09:19:56,007 [INFO] ================================================================================
2025-10-11 09:19:56,007 [INFO] Pages Scraped: 0/10
2025-10-11 09:19:56,007 [INFO] Offers Collected: 0
2025-10-11 09:19:56,007 [INFO] Captchas Solved: 0
2025-10-11 09:19:56,007 [INFO] Captcha Cost: $0.0000
2025-10-11 09:19:56,007 [INFO] Proxy Used: 0 pages
2025-10-11 09:19:56,007 [INFO] No Proxy: 0 pages
2025-10-11 09:19:56,007 [INFO] Cookie Refreshes: 0
2025-10-11 09:19:56,007 [INFO] Blocks: 0
2025-10-11 09:19:56,007 [INFO] Total Time: 0s (0.0 min)
2025-10-11 09:19:56,007 [INFO] Speed: 0 offers/min
2025-10-11 09:19:56,007 [INFO] Avg Cost/Page: $0.0000
2025-10-11 09:19:56,008 [INFO] ================================================================================
2025-10-11 09:19:56,008 [INFO] Metrics saved to: /opt/realestate/logs/captcha_strategy_metrics.json
2025-10-11 09:21:04,391 [INFO] ================================================================================
2025-10-11 09:21:04,391 [INFO] 🚀 CAPTCHA-SOLVING STRATEGY TEST
2025-10-11 09:21:04,391 [INFO] ================================================================================
2025-10-11 09:21:04,391 [INFO] Target Pages: 10
2025-10-11 09:21:04,391 [INFO] Proxy Strategy: First page only
2025-10-11 09:21:04,391 [INFO] ================================================================================
2025-10-11 09:21:04,391 [INFO] Loaded 10 proxies from pool
2025-10-11 09:21:04,391 [INFO] Proxy pool: 10 proxies available
2025-10-11 09:21:04,391 [INFO] ✅ Captcha solver enabled
2025-10-11 09:21:05,046 [INFO] Using proxy: http://gate.nodemaven.com:8080
2025-10-11 09:21:05,046 [INFO] 📡 Page 1: WITH PROXY
2025-10-11 09:21:05,206 [INFO] Scraping page 1...
2025-10-11 09:21:12,974 [INFO] ✅ Page 1: 28 offers | Total: 28 | Captchas: 0 | Cost: $0.0000 | Time: 7.9s
2025-10-11 09:21:13,512 [INFO] Scraping page 2...
2025-10-11 09:21:16,840 [INFO] ✅ Page 2: 28 offers | Total: 56 | Captchas: 0 | Cost: $0.0000 | Time: 3.3s
2025-10-11 09:21:17,737 [INFO] Scraping page 3...
2025-10-11 09:21:21,377 [INFO] ✅ Page 3: 28 offers | Total: 84 | Captchas: 0 | Cost: $0.0000 | Time: 3.6s
2025-10-11 09:21:21,987 [INFO] Scraping page 4...
2025-10-11 09:21:25,059 [INFO] ✅ Page 4: 28 offers | Total: 112 | Captchas: 0 | Cost: $0.0000 | Time: 3.1s
2025-10-11 09:21:26,013 [INFO] Scraping page 5...
2025-10-11 09:21:29,492 [INFO] ✅ Page 5: 28 offers | Total: 140 | Captchas: 0 | Cost: $0.0000 | Time: 3.5s
2025-10-11 09:21:30,454 [INFO] Scraping page 6...
2025-10-11 09:21:33,674 [INFO] ✅ Page 6: 28 offers | Total: 168 | Captchas: 0 | Cost: $0.0000 | Time: 3.2s
2025-10-11 09:21:34,477 [INFO] Scraping page 7...
2025-10-11 09:21:37,631 [INFO] ✅ Page 7: 28 offers | Total: 196 | Captchas: 0 | Cost: $0.0000 | Time: 3.2s
2025-10-11 09:21:38,359 [INFO] Scraping page 8...
2025-10-11 09:21:42,570 [INFO] ✅ Page 8: 28 offers | Total: 224 | Captchas: 0 | Cost: $0.0000 | Time: 4.2s
2025-10-11 09:21:43,399 [INFO] Scraping page 9...
2025-10-11 09:21:47,313 [INFO] ✅ Page 9: 28 offers | Total: 252 | Captchas: 0 | Cost: $0.0000 | Time: 3.9s
2025-10-11 09:21:48,033 [INFO] Scraping page 10...
2025-10-11 09:21:51,199 [INFO] ✅ Page 10: 28 offers | Total: 280 | Captchas: 0 | Cost: $0.0000 | Time: 3.2s
2025-10-11 09:21:52,108 [INFO] 
================================================================================
2025-10-11 09:21:52,108 [INFO] 📊 FINAL RESULTS
2025-10-11 09:21:52,108 [INFO] ================================================================================
2025-10-11 09:21:52,108 [INFO] Pages Scraped: 10/10
2025-10-11 09:21:52,109 [INFO] Offers Collected: 280
2025-10-11 09:21:52,109 [INFO] Captchas Solved: 0
2025-10-11 09:21:52,110 [INFO] Captcha Cost: $0.0000
2025-10-11 09:21:52,110 [INFO] Proxy Used: 1 pages
2025-10-11 09:21:52,110 [INFO] No Proxy: 0 pages
2025-10-11 09:21:52,110 [INFO] Cookie Refreshes: 10
2025-10-11 09:21:52,110 [INFO] Blocks: 0
2025-10-11 09:21:52,110 [INFO] Total Time: 48s (0.8 min)
2025-10-11 09:21:52,110 [INFO] Speed: 352 offers/min
2025-10-11 09:21:52,110 [INFO] Avg Cost/Page: $0.0000
2025-10-11 09:21:52,110 [INFO] ================================================================================
2025-10-11 09:21:52,110 [INFO] 📈 PROJECTIONS FOR 100,000 OFFERS
2025-10-11 09:21:52,110 [INFO] ================================================================================
2025-10-11 09:21:52,110 [INFO] Estimated Pages: 3571
2025-10-11 09:21:52,110 [INFO] Estimated Time: 284 minutes (4.7 hours)
2025-10-11 09:21:52,110 [INFO] Estimated Captcha Cost: $0.00
2025-10-11 09:21:52,110 [INFO] Proxy Cost (if used): $320.87
2025-10-11 09:21:52,110 [INFO] Savings: $320.87 (100.0%)
2025-10-11 09:21:52,110 [INFO] ================================================================================
2025-10-11 09:21:52,111 [INFO] Metrics saved to: /opt/realestate/logs/captcha_strategy_metrics.json
2025-10-11 19:50:19,803 [INFO] ================================================================================
2025-10-11 19:50:19,805 [INFO] 🚀 CAPTCHA-SOLVING STRATEGY TEST
2025-10-11 19:50:19,806 [INFO] ================================================================================
2025-10-11 19:50:19,806 [INFO] Target Pages: 10
2025-10-11 19:50:19,806 [INFO] Proxy Strategy: All pages
2025-10-11 19:50:19,806 [INFO] ================================================================================
2025-10-11 19:50:19,807 [INFO] Loaded 10 proxies from pool
2025-10-11 19:50:19,807 [INFO] Proxy pool: 10 proxies available
2025-10-11 19:50:19,807 [WARNING] ⚠️ No captcha solver (set ANTICAPTCHA_KEY)
2025-10-11 19:50:21,425 [INFO] Using proxy: http://gate.nodemaven.com:8080
2025-10-11 19:50:21,425 [INFO] 🔓 Page 1: WITHOUT PROXY (using cookies)
2025-10-11 19:50:21,826 [INFO] Scraping page 1...
2025-10-11 19:50:30,242 [INFO] ✅ Page 1: 56 offers | Total: 56 | Captchas: 0 | Cost: $0.0000 | Time: 8.8s
2025-10-11 19:50:30,925 [INFO] Scraping page 2...
2025-10-11 19:50:31,579 [ERROR] Error on page 2: Page.goto: net::ERR_NETWORK_CHANGED at https://www.cian.ru/cat.php?deal_type=sale&engine_version=2&offer_type=flat&region=1&p=2
Call log:
  - navigating to "https://www.cian.ru/cat.php?deal_type=sale&engine_version=2&offer_type=flat&region=1&p=2", waiting until "domcontentloaded"

2025-10-11 19:50:32,080 [INFO] Scraping page 3...
2025-10-11 19:50:40,490 [INFO] ✅ Page 3: 56 offers | Total: 112 | Captchas: 0 | Cost: $0.0000 | Time: 8.4s
2025-10-11 19:50:41,340 [INFO] Scraping page 4...
2025-10-11 19:50:42,137 [ERROR] Error on page 4: Page.goto: net::ERR_NETWORK_CHANGED at https://www.cian.ru/cat.php?deal_type=sale&engine_version=2&offer_type=flat&region=1&p=4
Call log:
  - navigating to "https://www.cian.ru/cat.php?deal_type=sale&engine_version=2&offer_type=flat&region=1&p=4", waiting until "domcontentloaded"

2025-10-11 19:50:42,644 [INFO] Scraping page 5...
2025-10-11 19:50:49,621 [INFO] ✅ Page 5: 56 offers | Total: 168 | Captchas: 0 | Cost: $0.0000 | Time: 7.0s
2025-10-11 19:50:50,476 [INFO] Scraping page 6...
2025-10-11 19:51:20,494 [ERROR] Error on page 6: Page.goto: Timeout 30000ms exceeded.
Call log:
  - navigating to "https://www.cian.ru/cat.php?deal_type=sale&engine_version=2&offer_type=flat&region=1&p=6", waiting until "domcontentloaded"

2025-10-11 19:51:50,514 [INFO] Scraping page 7...
2025-10-11 19:51:57,961 [INFO] ✅ Page 7: 56 offers | Total: 224 | Captchas: 0 | Cost: $0.0000 | Time: 7.4s
2025-10-11 19:51:58,918 [INFO] Scraping page 8...
2025-10-11 19:52:00,771 [ERROR] Error on page 8: Page.goto: net::ERR_NETWORK_CHANGED at https://www.cian.ru/cat.php?deal_type=sale&engine_version=2&offer_type=flat&region=1&p=8
Call log:
  - navigating to "https://www.cian.ru/cat.php?deal_type=sale&engine_version=2&offer_type=flat&region=1&p=8", waiting until "domcontentloaded"

2025-10-11 19:52:01,238 [INFO] Scraping page 9...
2025-10-11 19:52:08,594 [INFO] ✅ Page 9: 56 offers | Total: 280 | Captchas: 0 | Cost: $0.0000 | Time: 7.4s
2025-10-11 19:52:09,196 [INFO] Scraping page 10...
