2025-10-13 07:22:43,620 - INFO - 📁 Загружено 50 существующих объявлений
2025-10-13 07:22:43,620 - INFO - 🚀 Продолжаем сбор (страницы 21-40)
2025-10-13 07:22:45,036 - INFO - 🔄 Новая сессия браузера
2025-10-13 07:22:45,036 - INFO - 
📄 Страница 21/40
2025-10-13 07:22:48,862 - INFO -    ⏳ Пауза 7.0с...
2025-10-13 07:22:59,277 - INFO -    📥 Извлечено: 28 объявлений
2025-10-13 07:22:59,278 - INFO -    ✅ Валидных: 0 | ❌ Отклонено: 28
2025-10-13 07:22:59,278 - INFO - 📊 Всего собрано: 50/100
2025-10-13 07:23:16,830 - INFO - 
📄 Страница 22/40
2025-10-13 07:23:19,348 - INFO -    ⏳ Пауза 3.4с...
2025-10-13 07:23:26,346 - INFO -    📥 Извлечено: 28 объявлений
2025-10-13 07:23:26,348 - INFO -    ✅ Валидных: 0 | ❌ Отклонено: 28
2025-10-13 07:23:26,348 - INFO - 📊 Всего собрано: 50/100
2025-10-13 07:23:42,777 - INFO - 
📄 Страница 23/40
2025-10-13 07:23:45,654 - INFO -    ⏳ Пауза 3.7с...
2025-10-13 07:23:52,441 - INFO -    📥 Извлечено: 28 объявлений
2025-10-13 07:23:52,443 - INFO -    ✅ Валидных: 3 | ❌ Отклонено: 25
2025-10-13 07:23:52,443 - INFO - 📊 Всего собрано: 53/100
2025-10-13 07:23:58,923 - INFO - 
📄 Страница 24/40
2025-10-13 07:24:01,827 - INFO -    ⏳ Пауза 6.6с...
2025-10-13 07:24:11,498 - INFO -    📥 Извлечено: 28 объявлений
2025-10-13 07:24:11,501 - INFO -    ✅ Валидных: 7 | ❌ Отклонено: 21
2025-10-13 07:24:11,501 - INFO - 📊 Всего собрано: 60/100
2025-10-13 07:24:20,110 - INFO - 
📄 Страница 25/40
2025-10-13 07:24:24,664 - INFO -    ⏳ Пауза 3.4с...
2025-10-13 07:24:31,140 - INFO -    📥 Извлечено: 28 объявлений
2025-10-13 07:24:31,141 - INFO -    ✅ Валидных: 0 | ❌ Отклонено: 28
2025-10-13 07:24:31,141 - INFO - 📊 Всего собрано: 60/100
2025-10-13 07:24:49,782 - INFO - 🔄 Новая сессия браузера
2025-10-13 07:24:49,782 - INFO - 
📄 Страница 26/40
2025-10-13 07:24:52,219 - INFO -    ⏳ Пауза 5.7с...
2025-10-13 07:25:01,561 - INFO -    📥 Извлечено: 28 объявлений
2025-10-13 07:25:01,561 - INFO -    ✅ Валидных: 4 | ❌ Отклонено: 24
2025-10-13 07:25:01,561 - INFO - 📊 Всего собрано: 64/100
2025-10-13 07:25:11,050 - INFO - 
📄 Страница 27/40
2025-10-13 07:25:13,473 - INFO -    ⏳ Пауза 4.3с...
2025-10-13 07:25:20,795 - INFO -    📥 Извлечено: 28 объявлений
2025-10-13 07:25:20,797 - INFO -    ✅ Валидных: 0 | ❌ Отклонено: 28
2025-10-13 07:25:20,797 - INFO - 📊 Всего собрано: 64/100
2025-10-13 07:25:37,146 - INFO - 
📄 Страница 28/40
2025-10-13 07:25:39,797 - INFO -    ⏳ Пауза 6.2с...
2025-10-13 07:25:49,083 - INFO -    📥 Извлечено: 28 объявлений
2025-10-13 07:25:49,084 - INFO -    ✅ Валидных: 1 | ❌ Отклонено: 27
2025-10-13 07:25:49,084 - INFO - 📊 Всего собрано: 65/100
2025-10-13 07:25:56,220 - INFO - 
📄 Страница 29/40
2025-10-13 07:25:58,130 - INFO -    ⏳ Пауза 4.6с...
2025-10-13 07:26:05,792 - INFO -    📥 Извлечено: 28 объявлений
2025-10-13 07:26:05,792 - INFO -    ✅ Валидных: 4 | ❌ Отклонено: 24
2025-10-13 07:26:05,792 - INFO - 📊 Всего собрано: 69/100
2025-10-13 07:26:15,500 - INFO - 
📄 Страница 30/40
2025-10-13 07:26:17,393 - INFO -    ⏳ Пауза 6.0с...
2025-10-13 07:26:26,488 - INFO -    📥 Извлечено: 28 объявлений
2025-10-13 07:26:26,489 - INFO -    ✅ Валидных: 2 | ❌ Отклонено: 26
2025-10-13 07:26:26,491 - INFO - 📊 Всего собрано: 71/100
2025-10-13 07:26:35,576 - INFO - 🔄 Новая сессия браузера
2025-10-13 07:26:35,577 - INFO - 
📄 Страница 31/40
2025-10-13 07:26:38,593 - INFO -    ⏳ Пауза 4.1с...
2025-10-13 07:26:46,069 - INFO -    📥 Извлечено: 28 объявлений
2025-10-13 07:26:46,070 - INFO -    ✅ Валидных: 0 | ❌ Отклонено: 28
2025-10-13 07:26:46,070 - INFO - 📊 Всего собрано: 71/100
2025-10-13 07:27:05,825 - INFO - 
📄 Страница 32/40
2025-10-13 07:27:08,268 - INFO -    ⏳ Пауза 6.9с...
2025-10-13 07:27:18,258 - INFO -    📥 Извлечено: 28 объявлений
2025-10-13 07:27:18,259 - INFO -    ✅ Валидных: 0 | ❌ Отклонено: 28
2025-10-13 07:27:18,259 - INFO - 📊 Всего собрано: 71/100
2025-10-13 07:27:34,717 - INFO - 
📄 Страница 33/40
2025-10-13 07:27:36,924 - INFO -    ⏳ Пауза 5.4с...
2025-10-13 07:27:45,371 - INFO -    📥 Извлечено: 28 объявлений
2025-10-13 07:27:45,373 - INFO -    ✅ Валидных: 11 | ❌ Отклонено: 17
2025-10-13 07:27:45,373 - INFO - 📊 Всего собрано: 82/100
2025-10-13 07:27:52,122 - INFO - 
📄 Страница 34/40
2025-10-13 07:27:53,843 - INFO -    ⏳ Пауза 6.7с...
2025-10-13 07:28:03,568 - INFO -    📥 Извлечено: 28 объявлений
2025-10-13 07:28:03,569 - INFO -    ✅ Валидных: 0 | ❌ Отклонено: 28
2025-10-13 07:28:03,570 - INFO - 📊 Всего собрано: 82/100
2025-10-13 07:28:19,889 - INFO - 
📄 Страница 35/40
2025-10-13 07:28:21,572 - INFO -    ⏳ Пауза 5.5с...
2025-10-13 07:28:30,151 - INFO -    📥 Извлечено: 28 объявлений
2025-10-13 07:28:30,153 - INFO -    ✅ Валидных: 6 | ❌ Отклонено: 22
2025-10-13 07:28:30,156 - INFO - 📊 Всего собрано: 88/100
2025-10-13 07:28:42,704 - INFO - 🔄 Новая сессия браузера
2025-10-13 07:28:42,708 - INFO - 
📄 Страница 36/40
2025-10-13 07:28:48,282 - INFO -    ⏳ Пауза 6.8с...
2025-10-13 07:28:58,140 - INFO -    📥 Извлечено: 28 объявлений
2025-10-13 07:28:58,141 - INFO -    ✅ Валидных: 7 | ❌ Отклонено: 21
2025-10-13 07:28:58,141 - INFO - 📊 Всего собрано: 95/100
2025-10-13 07:29:03,878 - INFO - 
📄 Страница 37/40
2025-10-13 07:29:06,368 - INFO -    ⏳ Пауза 6.6с...
2025-10-13 07:29:15,984 - INFO -    📥 Извлечено: 28 объявлений
2025-10-13 07:29:15,984 - INFO -    ✅ Валидных: 0 | ❌ Отклонено: 28
2025-10-13 07:29:15,984 - INFO - 📊 Всего собрано: 95/100
2025-10-13 07:29:31,014 - INFO - 
📄 Страница 38/40
2025-10-13 07:29:33,617 - INFO -    ⏳ Пауза 4.4с...
2025-10-13 07:29:41,107 - INFO -    📥 Извлечено: 28 объявлений
2025-10-13 07:29:41,109 - INFO -    ✅ Валидных: 0 | ❌ Отклонено: 28
2025-10-13 07:29:41,109 - INFO - 📊 Всего собрано: 95/100
2025-10-13 07:30:00,471 - INFO - 
📄 Страница 39/40
2025-10-13 07:30:03,130 - INFO -    ⏳ Пауза 3.2с...
2025-10-13 07:30:09,380 - INFO -    📥 Извлечено: 28 объявлений
2025-10-13 07:30:09,381 - INFO -    ✅ Валидных: 11 | ❌ Отклонено: 17
2025-10-13 07:30:09,381 - INFO - 📊 Всего собрано: 106/100
2025-10-13 07:30:09,381 - INFO - 
============================================================
2025-10-13 07:30:09,381 - INFO - 📊 ИТОГО:
2025-10-13 07:30:09,381 - INFO -    Собрано объявлений: 106
2025-10-13 07:30:09,381 - INFO -    Новых: 56
2025-10-13 07:30:09,381 - INFO -    Время: 445.8с (7.4мин)
2025-10-13 07:30:09,381 - INFO - ============================================================
2025-10-13 07:30:09,387 - INFO - 💾 Обновлен файл: logs/100_listings_final.json
2025-10-13 07:30:09,389 - INFO - 💾 Сохранение 56 новых объявлений в БД...
2025-10-13 07:30:21,677 - INFO - ✅ Сохранено в БД: 56 новых объявлений
2025-10-13 07:30:21,886 - INFO - 
🎉 УСПЕХ: Собрано 106 объявлений!
