2025-10-13 07:10:38,547 - INFO - 🚀 ФИНАЛЬНЫЙ сбор 100 объявлений CIAN
2025-10-13 07:10:38,547 - INFO - 📋 ФИЛЬТРЫ:
2025-10-13 07:10:38,547 - INFO -    💰 Цена: до 30,000,000 ₽
2025-10-13 07:10:38,547 - INFO -    🏢 Этаж: от 2
2025-10-13 07:10:38,547 - INFO -    🏠 Комнаты: [0, 1, 2, 3]
2025-10-13 07:10:38,548 - INFO -    🐌 Медленный сбор с паузами (антибот)
2025-10-13 07:10:38,548 - INFO - 
2025-10-13 07:10:40,277 - INFO - 🔄 Новая сессия браузера (UA: Mozilla/5.0 (Macintosh; Intel Mac OS X 10_15_7) Ap...)
2025-10-13 07:10:40,277 - INFO - 
📄 Страница 1/30
2025-10-13 07:10:44,882 - INFO -    ⏳ Пауза 3.1с (антибот)...
2025-10-13 07:10:51,952 - INFO -    📥 Извлечено: 25 объявлений
2025-10-13 07:10:51,958 - INFO -    ✅ Валидных: 6 | ❌ Отклонено: 19
2025-10-13 07:10:51,958 - INFO - 📊 Всего собрано: 6/100
2025-10-13 07:10:51,958 - INFO -    ⏳ Пауза между страницами: 7.7с...
2025-10-13 07:10:59,631 - INFO - 
📄 Страница 2/30
2025-10-13 07:11:03,024 - INFO -    ⏳ Пауза 6.8с (антибот)...
2025-10-13 07:11:12,833 - INFO -    📥 Извлечено: 23 объявлений
2025-10-13 07:11:12,835 - INFO -    ✅ Валидных: 1 | ❌ Отклонено: 22
2025-10-13 07:11:12,835 - INFO - 📊 Всего собрано: 6/100
2025-10-13 07:11:12,835 - INFO -    ⏳ Пауза между страницами: 7.2с...
2025-10-13 07:11:20,042 - INFO - 
📄 Страница 3/30
2025-10-13 07:11:22,865 - INFO -    ⏳ Пауза 5.3с (антибот)...
2025-10-13 07:11:31,256 - INFO -    📥 Извлечено: 25 объявлений
2025-10-13 07:11:31,257 - INFO -    ✅ Валидных: 6 | ❌ Отклонено: 19
2025-10-13 07:11:31,257 - INFO - 📊 Всего собрано: 12/100
2025-10-13 07:11:31,257 - INFO -    ⏳ Пауза между страницами: 8.5с...
2025-10-13 07:11:39,748 - INFO - 
📄 Страница 4/30
2025-10-13 07:11:43,036 - INFO -    ⏳ Пауза 6.1с (антибот)...
2025-10-13 07:11:52,168 - INFO -    📥 Извлечено: 25 объявлений
2025-10-13 07:11:52,172 - INFO -    ✅ Валидных: 3 | ❌ Отклонено: 22
2025-10-13 07:11:52,172 - INFO - 📊 Всего собрано: 15/100
2025-10-13 07:11:52,172 - INFO -    ⏳ Пауза между страницами: 8.7с...
2025-10-13 07:12:00,844 - INFO - 
📄 Страница 5/30
2025-10-13 07:12:04,503 - INFO -    ⏳ Пауза 5.9с (антибот)...
2025-10-13 07:12:13,551 - INFO -    📥 Извлечено: 25 объявлений
2025-10-13 07:12:13,569 - INFO -    ✅ Валидных: 6 | ❌ Отклонено: 19
2025-10-13 07:12:13,569 - INFO - 📊 Всего собрано: 21/100
2025-10-13 07:12:13,570 - INFO -    ⏳ Пауза между страницами: 10.0с...
2025-10-13 07:12:26,386 - INFO - 🔄 Новая сессия браузера (UA: Mozilla/5.0 (Windows NT 10.0; Win64; x64) AppleWeb...)
2025-10-13 07:12:26,387 - INFO - 
📄 Страница 6/30
2025-10-13 07:12:29,556 - INFO -    ⏳ Пауза 6.9с (антибот)...
2025-10-13 07:12:39,800 - INFO -    📥 Извлечено: 27 объявлений
2025-10-13 07:12:39,800 - INFO -    ✅ Валидных: 6 | ❌ Отклонено: 21
2025-10-13 07:12:39,801 - INFO - 📊 Всего собрано: 26/100
2025-10-13 07:12:39,801 - INFO -    ⏳ Пауза между страницами: 7.5с...
2025-10-13 07:12:47,275 - INFO - 
📄 Страница 7/30
2025-10-13 07:12:50,282 - INFO -    ⏳ Пауза 3.9с (антибот)...
2025-10-13 07:12:57,507 - INFO -    📥 Извлечено: 28 объявлений
2025-10-13 07:12:57,508 - INFO -    ✅ Валидных: 1 | ❌ Отклонено: 27
2025-10-13 07:12:57,508 - INFO - 📊 Всего собрано: 27/100
2025-10-13 07:12:57,508 - INFO -    ⏳ Пауза между страницами: 5.5с...
2025-10-13 07:13:03,005 - INFO - 
📄 Страница 8/30
2025-10-13 07:13:06,604 - INFO -    ⏳ Пауза 5.9с (антибот)...
2025-10-13 07:13:15,596 - INFO -    📥 Извлечено: 28 объявлений
2025-10-13 07:13:15,599 - INFO -    ✅ Валидных: 3 | ❌ Отклонено: 25
2025-10-13 07:13:15,599 - INFO - 📊 Всего собрано: 30/100
2025-10-13 07:13:15,601 - INFO -    ⏳ Пауза между страницами: 9.9с...
2025-10-13 07:13:25,479 - INFO - 
📄 Страница 9/30
2025-10-13 07:13:28,646 - INFO -    ⏳ Пауза 3.5с (антибот)...
2025-10-13 07:13:35,254 - INFO -    📥 Извлечено: 27 объявлений
2025-10-13 07:13:35,256 - INFO -    ✅ Валидных: 3 | ❌ Отклонено: 24
2025-10-13 07:13:35,257 - INFO - 📊 Всего собрано: 33/100
2025-10-13 07:13:35,258 - INFO -    ⏳ Пауза между страницами: 9.1с...
2025-10-13 07:13:44,364 - INFO - 
📄 Страница 10/30
2025-10-13 07:13:47,077 - INFO -    ⏳ Пауза 6.2с (антибот)...
2025-10-13 07:13:56,299 - INFO -    📥 Извлечено: 25 объявлений
2025-10-13 07:13:56,300 - INFO -    ✅ Валидных: 6 | ❌ Отклонено: 19
2025-10-13 07:13:56,300 - INFO - 📊 Всего собрано: 39/100
2025-10-13 07:13:56,300 - INFO -    ⏳ Пауза между страницами: 6.7с...
2025-10-13 07:14:06,157 - INFO - 🔄 Новая сессия браузера (UA: Mozilla/5.0 (Macintosh; Intel Mac OS X 10_15_7) Ap...)
2025-10-13 07:14:06,162 - INFO - 
📄 Страница 11/30
2025-10-13 07:14:10,047 - INFO -    ⏳ Пауза 5.8с (антибот)...
2025-10-13 07:14:19,148 - INFO -    📥 Извлечено: 27 объявлений
2025-10-13 07:14:19,150 - INFO -    ✅ Валидных: 4 | ❌ Отклонено: 23
2025-10-13 07:14:19,150 - INFO - 📊 Всего собрано: 43/100
2025-10-13 07:14:19,150 - INFO -    ⏳ Пауза между страницами: 9.2с...
2025-10-13 07:14:28,313 - INFO - 
📄 Страница 12/30
2025-10-13 07:14:31,030 - INFO -    ⏳ Пауза 4.4с (антибот)...
2025-10-13 07:14:38,515 - INFO -    📥 Извлечено: 27 объявлений
2025-10-13 07:14:38,516 - INFO -    ✅ Валидных: 1 | ❌ Отклонено: 26
2025-10-13 07:14:38,516 - INFO - 📊 Всего собрано: 44/100
2025-10-13 07:14:38,516 - INFO -    ⏳ Пауза между страницами: 7.8с...
2025-10-13 07:14:46,275 - INFO - 
📄 Страница 13/30
2025-10-13 07:14:49,023 - INFO -    ⏳ Пауза 5.7с (антибот)...
2025-10-13 07:14:57,745 - INFO -    📥 Извлечено: 25 объявлений
2025-10-13 07:14:57,746 - INFO -    ✅ Валидных: 1 | ❌ Отклонено: 24
2025-10-13 07:14:57,747 - INFO - 📊 Всего собрано: 45/100
2025-10-13 07:14:57,747 - INFO -    ⏳ Пауза между страницами: 5.1с...
2025-10-13 07:15:02,888 - INFO - 
📄 Страница 14/30
2025-10-13 07:15:06,450 - INFO -    ⏳ Пауза 5.8с (антибот)...
2025-10-13 07:15:15,362 - INFO -    📥 Извлечено: 28 объявлений
2025-10-13 07:15:15,363 - INFO -    ✅ Валидных: 1 | ❌ Отклонено: 27
2025-10-13 07:15:15,363 - INFO - 📊 Всего собрано: 46/100
2025-10-13 07:15:15,363 - INFO -    ⏳ Пауза между страницами: 5.9с...
2025-10-13 07:15:21,293 - INFO - 
📄 Страница 15/30
2025-10-13 07:15:24,426 - INFO -    ⏳ Пауза 6.7с (антибот)...
2025-10-13 07:15:34,327 - INFO -    📥 Извлечено: 28 объявлений
2025-10-13 07:15:34,328 - INFO -    ✅ Валидных: 3 | ❌ Отклонено: 25
2025-10-13 07:15:34,331 - INFO - 📊 Всего собрано: 49/100
2025-10-13 07:15:34,331 - INFO -    ⏳ Пауза между страницами: 9.3с...
2025-10-13 07:15:46,709 - INFO - 🔄 Новая сессия браузера (UA: Mozilla/5.0 (Windows NT 10.0; Win64; x64) AppleWeb...)
2025-10-13 07:15:46,709 - INFO - 
📄 Страница 16/30
2025-10-13 07:15:52,169 - INFO -    ⏳ Пауза 5.2с (антибот)...
2025-10-13 07:16:00,475 - INFO -    📥 Извлечено: 28 объявлений
2025-10-13 07:16:00,476 - INFO -    ✅ Валидных: 0 | ❌ Отклонено: 28
2025-10-13 07:16:00,476 - INFO - 📊 Всего собрано: 49/100
2025-10-13 07:16:00,476 - WARNING - ⚠️ Пустая страница 16
2025-10-13 07:16:10,478 - INFO -    ⏳ Пауза между страницами: 5.1с...
2025-10-13 07:16:15,586 - INFO - 
📄 Страница 17/30
2025-10-13 07:16:19,462 - INFO -    ⏳ Пауза 6.8с (антибот)...
2025-10-13 07:16:29,361 - INFO -    📥 Извлечено: 28 объявлений
2025-10-13 07:16:29,361 - INFO -    ✅ Валидных: 1 | ❌ Отклонено: 27
2025-10-13 07:16:29,361 - INFO - 📊 Всего собрано: 50/100
2025-10-13 07:16:29,361 - INFO -    ⏳ Пауза между страницами: 7.1с...
2025-10-13 07:16:36,450 - INFO - 
📄 Страница 18/30
2025-10-13 07:16:38,619 - INFO -    ⏳ Пауза 3.8с (антибот)...
2025-10-13 07:16:45,463 - INFO -    📥 Извлечено: 28 объявлений
2025-10-13 07:16:45,464 - INFO -    ✅ Валидных: 0 | ❌ Отклонено: 28
2025-10-13 07:16:45,465 - INFO - 📊 Всего собрано: 50/100
2025-10-13 07:16:45,465 - WARNING - ⚠️ Пустая страница 18
2025-10-13 07:16:55,467 - INFO -    ⏳ Пауза между страницами: 5.8с...
2025-10-13 07:17:01,221 - INFO - 
📄 Страница 19/30
2025-10-13 07:17:04,633 - INFO -    ⏳ Пауза 6.8с (антибот)...
2025-10-13 07:17:14,496 - INFO -    📥 Извлечено: 28 объявлений
2025-10-13 07:17:14,497 - INFO -    ✅ Валидных: 0 | ❌ Отклонено: 28
2025-10-13 07:17:14,497 - INFO - 📊 Всего собрано: 50/100
2025-10-13 07:17:14,497 - WARNING - ⚠️ Пустая страница 19
2025-10-13 07:17:24,498 - INFO -    ⏳ Пауза между страницами: 7.8с...
2025-10-13 07:17:32,313 - INFO - 
📄 Страница 20/30
2025-10-13 07:17:34,395 - INFO -    ⏳ Пауза 4.7с (антибот)...
2025-10-13 07:17:42,140 - INFO -    📥 Извлечено: 28 объявлений
2025-10-13 07:17:42,140 - INFO -    ✅ Валидных: 0 | ❌ Отклонено: 28
2025-10-13 07:17:42,140 - INFO - 📊 Всего собрано: 50/100
2025-10-13 07:17:42,140 - WARNING - ⚠️ Пустая страница 20
2025-10-13 07:17:42,140 - WARNING - ⚠️ Достигнут лимит пустых страниц (3), останавливаем
2025-10-13 07:17:42,140 - INFO - 
============================================================
2025-10-13 07:17:42,141 - INFO - 📊 ИТОГО:
2025-10-13 07:17:42,142 - INFO -    Собрано объявлений: 50
2025-10-13 07:17:42,142 - INFO -    Страниц обработано: 20
2025-10-13 07:17:42,142 - INFO -    Время: 423.6с (7.1мин)
2025-10-13 07:17:42,142 - INFO -    Скорость: 7.1 объявлений/мин
2025-10-13 07:17:42,142 - INFO - ============================================================
2025-10-13 07:17:42,148 - INFO - 💾 Сохранено в файл: logs/100_listings_final.json
2025-10-13 07:17:42,148 - INFO - 
💾 Сохранение 50 объявлений в БД...
2025-10-13 07:17:47,429 - INFO -    💾 Сохранено: 20/50
2025-10-13 07:17:51,851 - INFO -    💾 Сохранено: 40/50
2025-10-13 07:17:54,100 - INFO - ✅ Сохранено в БД: 50 объявлений
2025-10-13 07:17:54,354 - INFO - 
⚠️ Собрано 50 объявлений (меньше 100, но это реальные данные)
